<?xml version="1.0" encoding="utf-8"?><testsuites name="pytest tests"><testsuite name="pytest" errors="0" failures="1" skipped="0" tests="11" time="21.431" timestamp="2026-08-07T19:27:53.630757+00:00" hostname="agent-env-65765a44-2ec6-435a-b99e-32b7d249fb5a"><testcase classname="tests.test_c1_api" name="test_health" time="0.239" /><testcase classname="tests.test_c1_api" name="test_register_login_me" time="0.577"><failure message="AssertionError: assert ('token' in {'token': 'eyJhbGciOiJIUzI1NiIsInR5cCI6IkpXVCJ9.eyJzdWIiOiIxOTBkN2E2My0zYTkyLTRkZDktYjIzMy0yNTQwMmI3M2I3ZDIiLCJpYXQiOjE3ODYxMzA4NzQsImV4cCI6MTc4ODcyMjg3NH0.SGsNMlZaAJvRZAFhNCWgh9kgfR9Y5W_XnZA18Svz3aw', 'user_id': '190d7a63-3a92-4dd9-b233-25402b73b7d2', 'email': 'test_1786130874@c1.app', 'name': 'TEST User', ...} and 'test_1786130874@c1.app' == 'TEST_1786130874@c1.app'&#10;  &#10;  - TEST_1786130874@c1.app&#10;  ? ^^^^&#10;  + test_1786130874@c1.app&#10;  ? ^^^^)">tests/test_c1_api.py:21: in test_register_login_me
    assert "token" in data and data["email"] == user_ctx["email"]
E   AssertionError: assert ('token' in {'token': 'eyJhbGciOiJIUzI1NiIsInR5cCI6IkpXVCJ9.eyJzdWIiOiIxOTBkN2E2My0zYTkyLTRkZDktYjIzMy0yNTQwMmI3M2I3ZDIiLCJpYXQiOjE3ODYxMzA4NzQsImV4cCI6MTc4ODcyMjg3NH0.SGsNMlZaAJvRZAFhNCWgh9kgfR9Y5W_XnZA18Svz3aw', 'user_id': '190d7a63-3a92-4dd9-b233-25402b73b7d2', 'email': 'test_1786130874@c1.app', 'name': 'TEST User', ...} and 'test_1786130874@c1.app' == 'TEST_1786130874@c1.app'
E     
E     - TEST_1786130874@c1.app
E     ? ^^^^
E     + test_1786130874@c1.app
E     ? ^^^^)</failure></testcase><testcase classname="tests.test_c1_api" name="test_profile_patch_targets" time="0.052" /><testcase classname="tests.test_c1_api" name="test_meals_crud" time="0.220" /><testcase classname="tests.test_c1_api" name="test_water_and_weight" time="0.163" /><testcase classname="tests.test_c1_api" name="test_dashboard" time="0.049" /><testcase classname="tests.test_c1_api" name="test_premium_toggle" time="0.102" /><testcase classname="tests.test_c1_api" name="test_ai_chat_sync_and_history" time="5.940" /><testcase classname="tests.test_c1_api" name="test_scan_meal_happy_path" time="13.584" /><testcase classname="tests.test_c1_api" name="test_scan_meal_invalid_base64_fast" time="0.053" /><testcase classname="tests.test_c1_api" name="test_zzz_delete_account" time="0.101" /></testsuite></testsuites>