<?xml version="1.0" encoding="utf-8"?><testsuites name="pytest tests"><testsuite name="pytest" errors="0" failures="0" skipped="0" tests="63" time="149.524" timestamp="2026-08-10T20:20:15.580963+00:00" hostname="agent-env-65765a44-2ec6-435a-b99e-32b7d249fb5a"><testcase classname="tests.test_c1_api" name="test_health" time="0.231" /><testcase classname="tests.test_c1_api" name="test_register_login_me" time="0.604" /><testcase classname="tests.test_c1_api" name="test_profile_patch_targets" time="0.056" /><testcase classname="tests.test_c1_api" name="test_meals_crud" time="0.196" /><testcase classname="tests.test_c1_api" name="test_water_and_weight" time="0.146" /><testcase classname="tests.test_c1_api" name="test_dashboard" time="0.052" /><testcase classname="tests.test_c1_api" name="test_premium_toggle" time="0.170" /><testcase classname="tests.test_c1_api" name="test_scan_meal_invalid_base64_fast" time="0.053" /><testcase classname="tests.test_c1_api" name="test_zzz_delete_account" time="0.105" /><testcase classname="tests.test_effective_plan" name="test_no_subs_returns_free" time="0.007" /><testcase classname="tests.test_effective_plan" name="test_active_premium" time="0.014" /><testcase classname="tests.test_effective_plan" name="test_active_plus" time="0.014" /><testcase classname="tests.test_effective_plan" name="test_plus_wins_over_premium" time="0.013" /><testcase classname="tests.test_effective_plan" name="test_expired_returns_free" time="0.016" /><testcase classname="tests.test_effective_plan" name="test_expired_with_grace_still_active" time="0.015" /><testcase classname="tests.test_effective_plan" name="test_grace_but_revoked_returns_free" time="0.015" /><testcase classname="tests.test_effective_plan" name="test_paused_status_returns_free" time="0.013" /><testcase classname="tests.test_effective_plan" name="test_entitlement_snapshot_reports_grace" time="0.013" /><testcase classname="tests.test_entitlement_endpoint" name="test_entitlement_new_user_is_free" time="0.286" /><testcase classname="tests.test_entitlement_endpoint" name="test_entitlement_requires_auth" time="0.023" /><testcase classname="tests.test_entitlement_endpoint" name="test_me_returns_free_plan_for_new_user" time="0.271" /><testcase classname="tests.test_iap_stub_routes" name="test_stub_requires_auth[/iap/apple/verify-body0]" time="0.024" /><testcase classname="tests.test_iap_stub_routes" name="test_stub_requires_auth[/iap/google/verify-body1]" time="0.023" /><testcase classname="tests.test_iap_stub_routes" name="test_stub_requires_auth[/iap/restore-body2]" time="0.023" /><testcase classname="tests.test_iap_stub_routes" name="test_stub_requires_auth[/iap/apple/webhook-body3]" time="0.027" /><testcase classname="tests.test_iap_stub_routes" name="test_stub_requires_auth[/iap/google/webhook-body4]" time="0.023" /><testcase classname="tests.test_iap_stub_routes" name="test_stub_returns_501[/iap/apple/verify-body0]" time="0.270" /><testcase classname="tests.test_iap_stub_routes" name="test_stub_returns_501[/iap/google/verify-body1]" time="0.270" /><testcase classname="tests.test_iap_stub_routes" name="test_stub_returns_501[/iap/restore-body2]" time="0.274" /><testcase classname="tests.test_iap_stub_routes" name="test_stub_returns_501[/iap/apple/webhook-body3]" time="0.270" /><testcase classname="tests.test_iap_stub_routes" name="test_stub_returns_501[/iap/google/webhook-body4]" time="0.270" /><testcase classname="tests.test_migration_001" name="test_migration_resets_all_plans_to_free" time="0.093" /><testcase classname="tests.test_migration_001" name="test_migration_dry_run_writes_nothing" time="0.014" /><testcase classname="tests.test_migration_001" name="test_migration_is_idempotent" time="0.090" /><testcase classname="tests.test_migration_001" name="test_migration_creates_indexes" time="0.080" /><testcase classname="tests.test_password_reset" name="test_forgot_password_unregistered_generic_ok" time="0.109" /><testcase classname="tests.test_password_reset" name="test_forgot_password_registered_creates_row" time="1.133" /><testcase classname="tests.test_password_reset" name="test_reset_password_wrong_code_increments_attempts" time="0.148" /><testcase classname="tests.test_password_reset" name="test_reset_password_success_then_replay_fails" time="1.301" /><testcase classname="tests.test_password_reset" name="test_new_forgot_invalidates_prior_unused" time="1.137" /><testcase classname="tests.test_plans_scans" name="test_01_me_defaults_to_free_plan" time="0.677" /><testcase classname="tests.test_plans_scans" name="test_02_scan_quota_free_defaults" time="0.131" /><testcase classname="tests.test_plans_scans" name="test_03_failed_scan_does_not_count" time="0.265" /><testcase classname="tests.test_plans_scans" name="test_04_free_scan_429_when_seeded_at_limit" time="0.250" /><testcase classname="tests.test_plans_scans" name="test_05_recommend_gated_for_free" time="0.136" /><testcase classname="tests.test_plans_scans" name="test_06_upgrade_to_premium_shows_limit_20" time="0.270" /><testcase classname="tests.test_plans_scans" name="test_07_premium_at_limit_blocks" time="0.254" /><testcase classname="tests.test_plans_scans" name="test_08_recommend_still_gated_for_premium" time="0.241" /><testcase classname="tests.test_plans_scans" name="test_09_upgrade_to_plus" time="0.288" /><testcase classname="tests.test_plans_scans" name="test_10_plus_scan_succeeds_and_counts" time="1.233" /><testcase classname="tests.test_plans_scans" name="test_11_persistence_across_new_jwt" time="0.487" /><testcase classname="tests.test_plans_scans" name="test_12_downgrade_to_free_updates_legacy_bool" time="0.264" /><testcase classname="tests.test_recommend" name="test_recommend_any_all" time="25.298" /><testcase classname="tests.test_recommend" name="test_recommend_vegetarian" time="16.859" /><testcase classname="tests.test_recommend" name="test_recommend_only_snacks" time="36.949" /><testcase classname="tests.test_recommend" name="test_refine_under_500_calories" time="28.696" /><testcase classname="tests.test_recommend" name="test_refine_higher_protein" time="28.282" /><testcase classname="tests.test_removed_endpoints" name="test_plan_endpoint_removed" time="0.269" /><testcase classname="tests.test_removed_endpoints" name="test_premium_toggle_removed" time="0.268" /><testcase classname="tests.test_removed_endpoints" name="test_plan_endpoint_cannot_grant_paid_access" time="0.314" /><testcase classname="tests.test_subscription_indexes" name="test_apple_original_tx_unique" time="0.026" /><testcase classname="tests.test_subscription_indexes" name="test_google_purchase_token_unique" time="0.024" /><testcase classname="tests.test_subscription_indexes" name="test_same_string_different_platforms_ok" time="0.023" /></testsuite></testsuites>