<?xml version="1.0" encoding="utf-8"?><testsuites name="pytest tests"><testsuite name="pytest" errors="0" failures="0" skipped="0" tests="12" time="5.055" timestamp="2026-08-08T17:17:43.950201+00:00" hostname="agent-env-65765a44-2ec6-435a-b99e-32b7d249fb5a"><testcase classname="tests.test_plans_scans" name="test_01_me_defaults_to_free_plan" time="0.547" /><testcase classname="tests.test_plans_scans" name="test_02_scan_quota_free_defaults" time="0.137" /><testcase classname="tests.test_plans_scans" name="test_03_failed_scan_does_not_count" time="0.219" /><testcase classname="tests.test_plans_scans" name="test_04_free_scan_429_when_seeded_at_limit" time="0.220" /><testcase classname="tests.test_plans_scans" name="test_05_recommend_gated_for_free" time="0.104" /><testcase classname="tests.test_plans_scans" name="test_06_upgrade_to_premium_shows_limit_20" time="0.262" /><testcase classname="tests.test_plans_scans" name="test_07_premium_at_limit_blocks" time="0.209" /><testcase classname="tests.test_plans_scans" name="test_08_recommend_still_gated_for_premium" time="0.237" /><testcase classname="tests.test_plans_scans" name="test_09_upgrade_to_plus" time="0.223" /><testcase classname="tests.test_plans_scans" name="test_10_plus_scan_succeeds_and_counts" time="2.058" /><testcase classname="tests.test_plans_scans" name="test_11_persistence_across_new_jwt" time="0.528" /><testcase classname="tests.test_plans_scans" name="test_12_downgrade_to_free_updates_legacy_bool" time="0.213" /></testsuite></testsuites>