<?xml version="1.0" encoding="utf-8"?><testsuites name="pytest tests"><testsuite name="pytest" errors="0" failures="0" skipped="0" tests="5" time="3.497" timestamp="2026-08-08T06:44:43.654109+00:00" hostname="agent-env-65765a44-2ec6-435a-b99e-32b7d249fb5a"><testcase classname="tests.test_password_reset" name="test_forgot_password_unregistered_generic_ok" time="0.144" /><testcase classname="tests.test_password_reset" name="test_forgot_password_registered_creates_row" time="1.112" /><testcase classname="tests.test_password_reset" name="test_reset_password_wrong_code_increments_attempts" time="0.109" /><testcase classname="tests.test_password_reset" name="test_reset_password_success_then_replay_fails" time="1.124" /><testcase classname="tests.test_password_reset" name="test_new_forgot_invalidates_prior_unused" time="0.912" /></testsuite></testsuites>