<?xml version="1.0" encoding="utf-8"?><testsuites name="pytest tests"><testsuite name="pytest" errors="0" failures="0" skipped="0" tests="40" time="9.670" timestamp="2026-08-11T05:53:50.662251+00:00" hostname="agent-env-65765a44-2ec6-435a-b99e-32b7d249fb5a"><testcase classname="tests.test_iap_products" name="test_apple_products_shape" time="0.000" /><testcase classname="tests.test_iap_products" name="test_apple_products_resolve" time="0.000" /><testcase classname="tests.test_iap_products" name="test_apple_unknown_product_returns_none" time="0.000" /><testcase classname="tests.test_iap_products" name="test_google_products_shape" time="0.000" /><testcase classname="tests.test_iap_products" name="test_google_products_resolve" time="0.000" /><testcase classname="tests.test_iap_products" name="test_google_unknown_product_returns_none" time="0.000" /><testcase classname="tests.test_iap_products" name="test_scan_limits_free" time="0.000" /><testcase classname="tests.test_iap_products" name="test_scan_limits_premium" time="0.000" /><testcase classname="tests.test_iap_products" name="test_scan_limits_plus" time="0.000" /><testcase classname="tests.test_iap_products" name="test_plus_fair_use_constant" time="0.000" /><testcase classname="tests.test_iap_products" name="test_unknown_plan_defaults_to_free" time="0.000" /><testcase classname="tests.test_iap_products" name="test_periods_are_valid" time="0.000" /><testcase classname="tests.test_admob_ssv" name="test_01_token_requires_auth" time="0.135" /><testcase classname="tests.test_admob_ssv" name="test_02_token_ok_shape" time="0.539" /><testcase classname="tests.test_admob_ssv" name="test_10_ssv_missing_params_returns_400" time="0.107" /><testcase classname="tests.test_admob_ssv" name="test_11_ssv_invalid_token_400" time="0.102" /><testcase classname="tests.test_admob_ssv" name="test_12_ssv_expired_token_400" time="0.106" /><testcase classname="tests.test_admob_ssv" name="test_13_ssv_valid_grants_credit" time="0.207" /><testcase classname="tests.test_admob_ssv" name="test_14_ssv_idempotent_on_transaction_id" time="0.211" /><testcase classname="tests.test_admob_ssv" name="test_15_ssv_wrong_token_type_400" time="0.094" /><testcase classname="tests.test_admob_ssv" name="test_16_ssv_unknown_user_400" time="0.100" /><testcase classname="tests.test_admob_ssv" name="test_17_ssv_plus_plan_disallows_rewarded" time="0.109" /><testcase classname="tests.test_admob_ssv" name="test_18_ssv_free_enforces_rewarded_cap" time="0.509" /><testcase classname="tests.test_plans_scans" name="test_01_me_defaults_to_free_plan" time="0.507" /><testcase classname="tests.test_plans_scans" name="test_02_scan_quota_free_defaults" time="0.107" /><testcase classname="tests.test_plans_scans" name="test_03_failed_scan_does_not_count" time="0.194" /><testcase classname="tests.test_plans_scans" name="test_04_free_base_exhausted_returns_base_limit_reached" time="0.188" /><testcase classname="tests.test_plans_scans" name="test_05_free_credit_grants_one_rewarded_scan" time="1.682" /><testcase classname="tests.test_plans_scans" name="test_06_free_all_exhausted_blocks" time="0.200" /><testcase classname="tests.test_plans_scans" name="test_07_recommend_gated_for_free" time="0.119" /><testcase classname="tests.test_plans_scans" name="test_10_upgrade_to_premium_limits" time="0.106" /><testcase classname="tests.test_plans_scans" name="test_11_premium_base_exhausted_can_watch_ad" time="0.212" /><testcase classname="tests.test_plans_scans" name="test_12_premium_all_exhausted_blocks" time="0.206" /><testcase classname="tests.test_plans_scans" name="test_13_recommend_still_gated_for_premium" time="0.085" /><testcase classname="tests.test_plans_scans" name="test_20_upgrade_to_plus_limits" time="0.102" /><testcase classname="tests.test_plans_scans" name="test_21_plus_scan_succeeds_and_counts" time="1.553" /><testcase classname="tests.test_plans_scans" name="test_22_plus_at_fair_use_cap_blocks" time="0.204" /><testcase classname="tests.test_plans_scans" name="test_23_plus_does_not_consume_credits" time="1.278" /><testcase classname="tests.test_plans_scans" name="test_30_persistence_across_new_jwt" time="0.417" /><testcase classname="tests.test_plans_scans" name="test_31_downgrade_to_free_updates_legacy_bool" time="0.204" /></testsuite></testsuites>