<?xml version="1.0" encoding="utf-8"?><testsuites name="pytest tests"><testsuite name="pytest" errors="0" failures="0" skipped="0" tests="11" time="12.060" timestamp="2026-08-07T22:29:48.591687+00:00" hostname="agent-env-65765a44-2ec6-435a-b99e-32b7d249fb5a"><testcase classname="tests.test_c1_api" name="test_health" time="0.222" /><testcase classname="tests.test_c1_api" name="test_register_login_me" time="0.619" /><testcase classname="tests.test_c1_api" name="test_profile_patch_targets" time="0.059" /><testcase classname="tests.test_c1_api" name="test_meals_crud" time="0.209" /><testcase classname="tests.test_c1_api" name="test_water_and_weight" time="0.157" /><testcase classname="tests.test_c1_api" name="test_dashboard" time="0.051" /><testcase classname="tests.test_c1_api" name="test_premium_toggle" time="0.176" /><testcase classname="tests.test_c1_api" name="test_ai_chat_sync_and_history" time="1.799" /><testcase classname="tests.test_c1_api" name="test_scan_meal_happy_path" time="8.294" /><testcase classname="tests.test_c1_api" name="test_scan_meal_invalid_base64_fast" time="0.054" /><testcase classname="tests.test_c1_api" name="test_zzz_delete_account" time="0.104" /></testsuite></testsuites>