<?xml version="1.0" encoding="utf-8"?><testsuites name="pytest tests"><testsuite name="pytest" errors="0" failures="0" skipped="0" tests="5" time="136.659" timestamp="2026-08-07T22:27:26.787171+00:00" hostname="agent-env-65765a44-2ec6-435a-b99e-32b7d249fb5a"><testcase classname="tests.test_recommend" name="test_recommend_any_all" time="15.459" /><testcase classname="tests.test_recommend" name="test_recommend_vegetarian" time="20.923" /><testcase classname="tests.test_recommend" name="test_recommend_only_snacks" time="42.821" /><testcase classname="tests.test_recommend" name="test_refine_under_500_calories" time="22.829" /><testcase classname="tests.test_recommend" name="test_refine_higher_protein" time="34.315" /></testsuite></testsuites>