<?xml version="1.0" encoding="utf-8"?><testsuites name="pytest tests"><testsuite name="pytest" errors="1" failures="0" skipped="0" tests="102" time="139.556" timestamp="2026-08-11T05:55:15.353044+00:00" hostname="agent-env-65765a44-2ec6-435a-b99e-32b7d249fb5a"><testcase classname="tests.test_admob_ssv" name="test_01_token_requires_auth" time="0.126" /><testcase classname="tests.test_admob_ssv" name="test_02_token_ok_shape" time="0.514" /><testcase classname="tests.test_admob_ssv" name="test_10_ssv_missing_params_returns_400" time="0.095" /><testcase classname="tests.test_admob_ssv" name="test_11_ssv_invalid_token_400" time="0.096" /><testcase classname="tests.test_admob_ssv" name="test_12_ssv_expired_token_400" time="0.095" /><testcase classname="tests.test_admob_ssv" name="test_13_ssv_valid_grants_credit" time="0.229" /><testcase classname="tests.test_admob_ssv" name="test_14_ssv_idempotent_on_transaction_id" time="0.209" /><testcase classname="tests.test_admob_ssv" name="test_15_ssv_wrong_token_type_400" time="0.113" /><testcase classname="tests.test_admob_ssv" name="test_16_ssv_unknown_user_400" time="0.089" /><testcase classname="tests.test_admob_ssv" name="test_17_ssv_plus_plan_disallows_rewarded" time="0.109" /><testcase classname="tests.test_admob_ssv" name="test_18_ssv_free_enforces_rewarded_cap" time="0.512" /><testcase classname="tests.test_c1_api" name="test_health" time="0.093" /><testcase classname="tests.test_c1_api" name="test_register_login_me" time="0.579" /><testcase classname="tests.test_c1_api" name="test_profile_patch_targets" time="0.048" /><testcase classname="tests.test_c1_api" name="test_meals_crud" time="0.178" /><testcase classname="tests.test_c1_api" name="test_water_and_weight" time="0.136" /><testcase classname="tests.test_c1_api" name="test_dashboard" time="0.044" /><testcase classname="tests.test_c1_api" name="test_premium_toggle" time="0.141" /><testcase classname="tests.test_c1_api" name="test_scan_meal_happy_path" time="0.000"><error message="failed on setup with &quot;file /app/backend/tests/test_c1_api.py, line 111&#10;  def test_scan_meal_happy_path(api_client, base_url, user_ctx, real_food_b64):&#10;E       fixture 'real_food_b64' not found&#10;&gt;       available fixtures: _asyncio_loop_factory, _class_scoped_runner, _function_scoped_runner, _module_scoped_runner, _package_scoped_runner, _session_scoped_runner, anyio_backend, anyio_backend_name, anyio_backend_options, api_client, base_url, cache, capfd, capfdbinary, caplog, capsys, capsysbinary, capteesys, db, doctest_namespace, event_loop_policy, free_tcp_port, free_tcp_port_factory, free_udp_port, free_udp_port_factory, monkeypatch, pytestconfig, record_property, record_testsuite_property, record_xml_attribute, recwarn, subtests, testrun_uid, tmp_path, tmp_path_factory, tmpdir, tmpdir_factory, unused_tcp_port, unused_tcp_port_factory, unused_udp_port, unused_udp_port_factory, user_ctx, user_id, worker_id&#10;&gt;       use 'pytest --fixtures [testpath]' for help on them.&#10;&#10;/app/backend/tests/test_c1_api.py:111&quot;">file /app/backend/tests/test_c1_api.py, line 111
  def test_scan_meal_happy_path(api_client, base_url, user_ctx, real_food_b64):
E       fixture 'real_food_b64' not found
&gt;       available fixtures: _asyncio_loop_factory, _class_scoped_runner, _function_scoped_runner, _module_scoped_runner, _package_scoped_runner, _session_scoped_runner, anyio_backend, anyio_backend_name, anyio_backend_options, api_client, base_url, cache, capfd, capfdbinary, caplog, capsys, capsysbinary, capteesys, db, doctest_namespace, event_loop_policy, free_tcp_port, free_tcp_port_factory, free_udp_port, free_udp_port_factory, monkeypatch, pytestconfig, record_property, record_testsuite_property, record_xml_attribute, recwarn, subtests, testrun_uid, tmp_path, tmp_path_factory, tmpdir, tmpdir_factory, unused_tcp_port, unused_tcp_port_factory, unused_udp_port, unused_udp_port_factory, user_ctx, user_id, worker_id
&gt;       use 'pytest --fixtures [testpath]' for help on them.

/app/backend/tests/test_c1_api.py:111</error></testcase><testcase classname="tests.test_c1_api" name="test_scan_meal_invalid_base64_fast" time="0.047" /><testcase classname="tests.test_c1_api" name="test_zzz_delete_account" time="0.090" /><testcase classname="tests.test_effective_plan" name="test_no_subs_returns_free" time="0.006" /><testcase classname="tests.test_effective_plan" name="test_active_premium" time="0.013" /><testcase classname="tests.test_effective_plan" name="test_active_plus" time="0.014" /><testcase classname="tests.test_effective_plan" name="test_plus_wins_over_premium" time="0.014" /><testcase classname="tests.test_effective_plan" name="test_expired_returns_free" time="0.014" /><testcase classname="tests.test_effective_plan" name="test_expired_with_grace_still_active" time="0.012" /><testcase classname="tests.test_effective_plan" name="test_grace_but_revoked_returns_free" time="0.013" /><testcase classname="tests.test_effective_plan" name="test_paused_status_returns_free" time="0.012" /><testcase classname="tests.test_effective_plan" name="test_entitlement_snapshot_reports_grace" time="0.013" /><testcase classname="tests.test_entitlement_endpoint" name="test_entitlement_new_user_is_free" time="0.284" /><testcase classname="tests.test_entitlement_endpoint" name="test_entitlement_requires_auth" time="0.023" /><testcase classname="tests.test_entitlement_endpoint" name="test_me_returns_free_plan_for_new_user" time="0.271" /><testcase classname="tests.test_iap_products" name="test_apple_products_shape" time="0.000" /><testcase classname="tests.test_iap_products" name="test_apple_products_resolve" time="0.000" /><testcase classname="tests.test_iap_products" name="test_apple_unknown_product_returns_none" time="0.000" /><testcase classname="tests.test_iap_products" name="test_google_products_shape" time="0.000" /><testcase classname="tests.test_iap_products" name="test_google_products_resolve" time="0.000" /><testcase classname="tests.test_iap_products" name="test_google_unknown_product_returns_none" time="0.000" /><testcase classname="tests.test_iap_products" name="test_scan_limits_free" time="0.000" /><testcase classname="tests.test_iap_products" name="test_scan_limits_premium" time="0.000" /><testcase classname="tests.test_iap_products" name="test_scan_limits_plus" time="0.000" /><testcase classname="tests.test_iap_products" name="test_plus_fair_use_constant" time="0.000" /><testcase classname="tests.test_iap_products" name="test_unknown_plan_defaults_to_free" time="0.000" /><testcase classname="tests.test_iap_products" name="test_periods_are_valid" time="0.000" /><testcase classname="tests.test_iap_stub_routes" name="test_stub_requires_auth[/iap/apple/verify-body0]" time="0.024" /><testcase classname="tests.test_iap_stub_routes" name="test_stub_requires_auth[/iap/google/verify-body1]" time="0.023" /><testcase classname="tests.test_iap_stub_routes" name="test_stub_requires_auth[/iap/restore-body2]" time="0.027" /><testcase classname="tests.test_iap_stub_routes" name="test_stub_requires_auth[/iap/apple/webhook-body3]" time="0.023" /><testcase classname="tests.test_iap_stub_routes" name="test_stub_requires_auth[/iap/google/webhook-body4]" time="0.023" /><testcase classname="tests.test_iap_stub_routes" name="test_stub_returns_501[/iap/apple/verify-body0]" time="0.270" /><testcase classname="tests.test_iap_stub_routes" name="test_stub_returns_501[/iap/google/verify-body1]" time="0.274" /><testcase classname="tests.test_iap_stub_routes" name="test_stub_returns_501[/iap/restore-body2]" time="0.271" /><testcase classname="tests.test_iap_stub_routes" name="test_stub_returns_501[/iap/apple/webhook-body3]" time="0.271" /><testcase classname="tests.test_iap_stub_routes" name="test_stub_returns_501[/iap/google/webhook-body4]" time="0.274" /><testcase classname="tests.test_migration_001" name="test_migration_resets_all_plans_to_free" time="0.112" /><testcase classname="tests.test_migration_001" name="test_migration_dry_run_writes_nothing" time="0.013" /><testcase classname="tests.test_migration_001" name="test_migration_is_idempotent" time="0.083" /><testcase classname="tests.test_migration_001" name="test_migration_creates_indexes" time="0.081" /><testcase classname="tests.test_password_reset" name="test_forgot_password_unregistered_generic_ok" time="0.130" /><testcase classname="tests.test_password_reset" name="test_forgot_password_registered_creates_row" time="1.034" /><testcase classname="tests.test_password_reset" name="test_reset_password_wrong_code_increments_attempts" time="0.095" /><testcase classname="tests.test_password_reset" name="test_reset_password_success_then_replay_fails" time="1.057" /><testcase classname="tests.test_password_reset" name="test_new_forgot_invalidates_prior_unused" time="0.891" /><testcase classname="tests.test_plans_scans" name="test_01_me_defaults_to_free_plan" time="0.533" /><testcase classname="tests.test_plans_scans" name="test_02_scan_quota_free_defaults" time="0.101" /><testcase classname="tests.test_plans_scans" name="test_03_failed_scan_does_not_count" time="0.207" /><testcase classname="tests.test_plans_scans" name="test_04_free_base_exhausted_returns_base_limit_reached" time="0.208" /><testcase classname="tests.test_plans_scans" name="test_05_free_credit_grants_one_rewarded_scan" time="1.984" /><testcase classname="tests.test_plans_scans" name="test_06_free_all_exhausted_blocks" time="0.205" /><testcase classname="tests.test_plans_scans" name="test_07_recommend_gated_for_free" time="0.094" /><testcase classname="tests.test_plans_scans" name="test_10_upgrade_to_premium_limits" time="0.115" /><testcase classname="tests.test_plans_scans" name="test_11_premium_base_exhausted_can_watch_ad" time="0.189" /><testcase classname="tests.test_plans_scans" name="test_12_premium_all_exhausted_blocks" time="0.217" /><testcase classname="tests.test_plans_scans" name="test_13_recommend_still_gated_for_premium" time="0.096" /><testcase classname="tests.test_plans_scans" name="test_20_upgrade_to_plus_limits" time="0.102" /><testcase classname="tests.test_plans_scans" name="test_21_plus_scan_succeeds_and_counts" time="10.880" /><testcase classname="tests.test_plans_scans" name="test_22_plus_at_fair_use_cap_blocks" time="0.211" /><testcase classname="tests.test_plans_scans" name="test_23_plus_does_not_consume_credits" time="1.496" /><testcase classname="tests.test_plans_scans" name="test_30_persistence_across_new_jwt" time="0.442" /><testcase classname="tests.test_plans_scans" name="test_31_downgrade_to_free_updates_legacy_bool" time="0.195" /><testcase classname="tests.test_recommend" name="test_recommend_any_all" time="19.439" /><testcase classname="tests.test_recommend" name="test_recommend_vegetarian" time="11.553" /><testcase classname="tests.test_recommend" name="test_recommend_only_snacks" time="26.300" /><testcase classname="tests.test_recommend" name="test_refine_under_500_calories" time="21.694" /><testcase classname="tests.test_recommend" name="test_refine_higher_protein" time="29.286" /><testcase classname="tests.test_removed_endpoints" name="test_plan_endpoint_removed" time="0.270" /><testcase classname="tests.test_removed_endpoints" name="test_premium_toggle_removed" time="0.269" /><testcase classname="tests.test_removed_endpoints" name="test_plan_endpoint_cannot_grant_paid_access" time="0.315" /><testcase classname="tests.test_subscription_indexes" name="test_apple_original_tx_unique" time="0.025" /><testcase classname="tests.test_subscription_indexes" name="test_google_purchase_token_unique" time="0.025" /><testcase classname="tests.test_subscription_indexes" name="test_same_string_different_platforms_ok" time="0.024" /><testcase classname="tests.test_turn_a_verification" name="test_quota_shape_has_all_canonical_and_legacy_fields" time="0.584" /><testcase classname="tests.test_turn_a_verification" name="test_e2e_rewarded_flow_free_user" time="1.726" /><testcase classname="tests.test_turn_a_verification" name="test_refund_credit_on_invalid_image" time="0.204" /><testcase classname="tests.test_turn_a_verification" name="test_auth_me_returns_user" time="0.098" /><testcase classname="tests.test_turn_a_verification" name="test_meals_crud_smoke" time="0.333" /><testcase classname="tests.test_turn_a_verification" name="test_dashboard_ok" time="0.099" /><testcase classname="tests.test_turn_a_verification" name="test_recommend_still_gated_for_free" time="0.092" /><testcase classname="tests.test_turn_a_verification" name="test_entitlement_endpoint" time="0.098" /><testcase classname="tests.test_turn_a_verification" name="test_iap_stub_routes_return_501" time="0.192" /><testcase classname="tests.test_turn_a_verification" name="test_removed_mock_plan_endpoint_410" time="0.289" /></testsuite></testsuites>