<?xml version="1.0" encoding="utf-8"?><testsuites name="pytest tests"><testsuite name="pytest" errors="0" failures="0" skipped="0" tests="10" time="4.470" timestamp="2026-08-11T05:55:05.722663+00:00" hostname="agent-env-65765a44-2ec6-435a-b99e-32b7d249fb5a"><testcase classname="tests.test_turn_a_verification" name="test_quota_shape_has_all_canonical_and_legacy_fields" time="0.643" /><testcase classname="tests.test_turn_a_verification" name="test_e2e_rewarded_flow_free_user" time="2.347" /><testcase classname="tests.test_turn_a_verification" name="test_refund_credit_on_invalid_image" time="0.201" /><testcase classname="tests.test_turn_a_verification" name="test_auth_me_returns_user" time="0.101" /><testcase classname="tests.test_turn_a_verification" name="test_meals_crud_smoke" time="0.298" /><testcase classname="tests.test_turn_a_verification" name="test_dashboard_ok" time="0.092" /><testcase classname="tests.test_turn_a_verification" name="test_recommend_still_gated_for_free" time="0.102" /><testcase classname="tests.test_turn_a_verification" name="test_entitlement_endpoint" time="0.100" /><testcase classname="tests.test_turn_a_verification" name="test_iap_stub_routes_return_501" time="0.236" /><testcase classname="tests.test_turn_a_verification" name="test_removed_mock_plan_endpoint_410" time="0.312" /></testsuite></testsuites>