<?xml version="1.0" encoding="utf-8"?><testsuites name="pytest tests"><testsuite name="pytest" errors="0" failures="0" skipped="0" tests="5" time="103.478" timestamp="2026-08-08T06:45:15.425334+00:00" hostname="agent-env-65765a44-2ec6-435a-b99e-32b7d249fb5a"><testcase classname="tests.test_recommend" name="test_recommend_any_all" time="18.212" /><testcase classname="tests.test_recommend" name="test_recommend_vegetarian" time="19.995" /><testcase classname="tests.test_recommend" name="test_recommend_only_snacks" time="23.725" /><testcase classname="tests.test_recommend" name="test_refine_under_500_calories" time="19.557" /><testcase classname="tests.test_recommend" name="test_refine_higher_protein" time="21.655" /></testsuite></testsuites>